<?xml version="1.0" encoding="UTF-8"?>
<!-- Generated by org.testng.reporters.JUnitXMLReporter -->
<testsuite ignored="0" hostname="LAPTOP-PIT76V8A" failures="2" tests="6" name="Test" time="24.551" errors="0" timestamp="2023-02-11T19:09:31 IST">
  <testcase classname="com.sdet.AppTest" name="testlogin1" time="0.007"/>
  <testcase classname="com.sdet.AppTest" name="testlogin2" time="0.001"/>
  <testcase classname="com.sdet.FirstScriptTest" name="login" time="2.602"/>
  <testcase classname="com.sdet.FirstScriptTest" name="verifyTitle_FailTest1" time="1.101">
    <failure type="java.lang.AssertionError" message="expected [Online Shopping Site for Mobiles, Electronics, Furniture, Grocery Lifestyle, Books &amp;amp; More. Best Offers!] but found [Online Shopping Site for Mobiles, Electronics, Furniture, Grocery, Lifestyle, Books &amp;amp; More. Best Offers!]">
      <![CDATA[java.lang.AssertionError: expected [Online Shopping Site for Mobiles, Electronics, Furniture, Grocery Lifestyle, Books & More. Best Offers!] but found [Online Shopping Site for Mobiles, Electronics, Furniture, Grocery, Lifestyle, Books & More. Best Offers!]
at com.sdet.FirstScriptTest.verifyTitle_FailTest1(FirstScriptTest.java:25)
at java.base/java.util.ArrayList.forEach(ArrayList.java:1511)
... Removed 33 stack frames]]>
    </failure>
  </testcase> <!-- verifyTitle_FailTest1 -->
  <testcase classname="com.sdet.SeleniumTC_login" name="Fail_Test2" time="0.001">
    <failure type="java.lang.AssertionError" message="expected [false] but found [true]">
      <![CDATA[java.lang.AssertionError: expected [false] but found [true]
at com.sdet.SeleniumTC_login.Fail_Test2(SeleniumTC_login.java:49)
at java.base/java.util.ArrayList.forEach(ArrayList.java:1511)
... Removed 33 stack frames]]>
    </failure>
  </testcase> <!-- Fail_Test2 -->
  <testcase classname="com.sdet.SeleniumTC_login" name="login_test" time="3.059"/>
</testsuite> <!-- Test -->
